<?xml version="1.0" encoding="UTF-8"?>
<testsuite name="ru.otus.bank.service.impl.PaymentProcessorImplWithSpyTest" tests="1" skipped="0" failures="0" errors="0" timestamp="2024-04-29T10:27:29" hostname="DESKTOP-AU8O2FE" time="0.83">
  <properties/>
  <testcase name="testTransfer()" classname="ru.otus.bank.service.impl.PaymentProcessorImplWithSpyTest" time="0.83"/>
  <system-out><![CDATA[]]></system-out>
  <system-err><![CDATA[]]></system-err>
</testsuite>
